<?xml version="1.0" encoding="UTF-8"?>
<testng-results skipped="0" failed="0" total="1" passed="1">
  <reporter-output>
  </reporter-output>
  <suite name="Suite" duration-ms="33" started-at="2018-07-30T17:41:58Z" finished-at="2018-07-30T17:41:58Z">
    <groups>
    </groups>
    <test name="Test" duration-ms="33" started-at="2018-07-30T17:41:58Z" finished-at="2018-07-30T17:41:58Z">
      <class name="example.NewTest">
        <test-method status="PASS" signature="beforeTest()" name="beforeTest" is-config="true" duration-ms="15" started-at="2018-07-30T17:41:58Z" finished-at="2018-07-30T17:41:58Z">
        </test-method>
        <test-method status="PASS" signature="testEasy()" name="testEasy" duration-ms="6" started-at="2018-07-30T17:41:58Z" finished-at="2018-07-30T17:41:58Z">
        </test-method>
        <test-method status="PASS" signature="afterTest()" name="afterTest" is-config="true" duration-ms="0" started-at="2018-07-30T17:41:58Z" finished-at="2018-07-30T17:41:58Z">
        </test-method>
      </class>
    </test>
  </suite>
</testng-results>
